mode: atomic
github.com/larsartmann/md-go-validator/cmd/md-go-validator/main.go:33.13,43.26 6 0
github.com/larsartmann/md-go-validator/cmd/md-go-validator/main.go:43.26,44.60 1 0
github.com/larsartmann/md-go-validator/cmd/md-go-validator/main.go:44.60,48.4 3 0
github.com/larsartmann/md-go-validator/cmd/md-go-validator/main.go:49.8,51.3 1 0
github.com/larsartmann/md-go-validator/cmd/md-go-validator/main.go:53.2,53.41 1 0
github.com/larsartmann/md-go-validator/cmd/md-go-validator/main.go:53.41,55.3 1 0
github.com/larsartmann/md-go-validator/cmd/md-go-validator/main.go:79.38,91.33 2 25
github.com/larsartmann/md-go-validator/cmd/md-go-validator/main.go:91.33,93.42 2 49
github.com/larsartmann/md-go-validator/cmd/md-go-validator/main.go:93.42,95.11 2 23
github.com/larsartmann/md-go-validator/cmd/md-go-validator/main.go:95.11,97.5 1 0
github.com/larsartmann/md-go-validator/cmd/md-go-validator/main.go:98.4,99.12 2 23
github.com/larsartmann/md-go-validator/cmd/md-go-validator/main.go:101.3,101.34 1 26
github.com/larsartmann/md-go-validator/cmd/md-go-validator/main.go:101.34,105.4 3 0
github.com/larsartmann/md-go-validator/cmd/md-go-validator/main.go:106.3,106.37 1 26
github.com/larsartmann/md-go-validator/cmd/md-go-validator/main.go:109.2,109.25 1 25
github.com/larsartmann/md-go-validator/cmd/md-go-validator/main.go:109.25,111.3 1 1
github.com/larsartmann/md-go-validator/cmd/md-go-validator/main.go:113.2,113.12 1 25
github.com/larsartmann/md-go-validator/cmd/md-go-validator/main.go:116.64,119.2 2 3
github.com/larsartmann/md-go-validator/cmd/md-go-validator/main.go:121.62,125.2 3 3
github.com/larsartmann/md-go-validator/cmd/md-go-validator/main.go:127.63,130.2 2 1
github.com/larsartmann/md-go-validator/cmd/md-go-validator/main.go:132.66,133.22 1 10
github.com/larsartmann/md-go-validator/cmd/md-go-validator/main.go:133.22,137.3 3 0
github.com/larsartmann/md-go-validator/cmd/md-go-validator/main.go:138.2,139.16 2 10
github.com/larsartmann/md-go-validator/cmd/md-go-validator/main.go:139.16,143.3 3 0
github.com/larsartmann/md-go-validator/cmd/md-go-validator/main.go:144.2,145.16 2 10
github.com/larsartmann/md-go-validator/cmd/md-go-validator/main.go:148.65,149.22 1 3
github.com/larsartmann/md-go-validator/cmd/md-go-validator/main.go:149.22,153.3 3 0
github.com/larsartmann/md-go-validator/cmd/md-go-validator/main.go:154.2,155.16 2 3
github.com/larsartmann/md-go-validator/cmd/md-go-validator/main.go:155.16,159.3 3 0
github.com/larsartmann/md-go-validator/cmd/md-go-validator/main.go:160.2,161.16 2 3
github.com/larsartmann/md-go-validator/cmd/md-go-validator/main.go:164.66,165.22 1 3
github.com/larsartmann/md-go-validator/cmd/md-go-validator/main.go:165.22,169.3 3 0
github.com/larsartmann/md-go-validator/cmd/md-go-validator/main.go:170.2,171.16 2 3
github.com/larsartmann/md-go-validator/cmd/md-go-validator/main.go:174.59,178.2 3 0
github.com/larsartmann/md-go-validator/cmd/md-go-validator/main.go:180.67,181.22 1 0
github.com/larsartmann/md-go-validator/cmd/md-go-validator/main.go:181.22,185.3 3 0
github.com/larsartmann/md-go-validator/cmd/md-go-validator/main.go:186.2,187.16 2 0
github.com/larsartmann/md-go-validator/cmd/md-go-validator/main.go:187.16,191.3 3 0
github.com/larsartmann/md-go-validator/cmd/md-go-validator/main.go:192.2,194.16 3 0
github.com/larsartmann/md-go-validator/cmd/md-go-validator/main.go:201.18,204.29 2 3
github.com/larsartmann/md-go-validator/cmd/md-go-validator/main.go:204.29,207.3 2 3
github.com/larsartmann/md-go-validator/cmd/md-go-validator/main.go:209.2,209.19 1 3
github.com/larsartmann/md-go-validator/cmd/md-go-validator/main.go:216.18,218.16 2 7
github.com/larsartmann/md-go-validator/cmd/md-go-validator/main.go:218.16,221.3 2 0
github.com/larsartmann/md-go-validator/cmd/md-go-validator/main.go:223.2,224.16 2 7
github.com/larsartmann/md-go-validator/cmd/md-go-validator/main.go:224.16,227.3 2 2
github.com/larsartmann/md-go-validator/cmd/md-go-validator/main.go:229.2,230.18 2 5
github.com/larsartmann/md-go-validator/cmd/md-go-validator/main.go:230.18,232.3 1 2
github.com/larsartmann/md-go-validator/cmd/md-go-validator/main.go:232.8,234.3 1 3
github.com/larsartmann/md-go-validator/cmd/md-go-validator/main.go:235.2,235.16 1 5
github.com/larsartmann/md-go-validator/cmd/md-go-validator/main.go:235.16,238.3 2 0
github.com/larsartmann/md-go-validator/cmd/md-go-validator/main.go:240.2,240.16 1 5
github.com/larsartmann/md-go-validator/cmd/md-go-validator/main.go:243.66,245.29 2 3
github.com/larsartmann/md-go-validator/cmd/md-go-validator/main.go:245.29,246.49 1 3
github.com/larsartmann/md-go-validator/cmd/md-go-validator/main.go:246.49,248.4 1 0
github.com/larsartmann/md-go-validator/cmd/md-go-validator/main.go:251.2,252.16 2 3
github.com/larsartmann/md-go-validator/cmd/md-go-validator/main.go:252.16,259.3 1 0
github.com/larsartmann/md-go-validator/cmd/md-go-validator/main.go:260.2,260.37 1 3
github.com/larsartmann/md-go-validator/cmd/md-go-validator/main.go:260.37,267.3 1 0
github.com/larsartmann/md-go-validator/cmd/md-go-validator/main.go:269.2,270.16 2 3
github.com/larsartmann/md-go-validator/cmd/md-go-validator/main.go:270.16,273.3 1 0
github.com/larsartmann/md-go-validator/cmd/md-go-validator/main.go:274.2,274.15 1 3
github.com/larsartmann/md-go-validator/cmd/md-go-validator/main.go:274.15,275.48 1 3
github.com/larsartmann/md-go-validator/cmd/md-go-validator/main.go:275.48,278.4 1 0
github.com/larsartmann/md-go-validator/cmd/md-go-validator/main.go:281.2,287.16 1 3
github.com/larsartmann/md-go-validator/cmd/md-go-validator/main.go:287.16,289.3 1 0
github.com/larsartmann/md-go-validator/cmd/md-go-validator/main.go:290.2,290.12 1 3
github.com/larsartmann/md-go-validator/cmd/md-go-validator/main.go:293.19,340.2 1 1
github.com/larsartmann/md-go-validator/pkg/output/output.go:45.50,46.11 1 11
github.com/larsartmann/md-go-validator/pkg/output/output.go:47.15,48.26 1 1
github.com/larsartmann/md-go-validator/pkg/output/output.go:49.14,50.25 1 1
github.com/larsartmann/md-go-validator/pkg/output/output.go:51.24,52.29 1 2
github.com/larsartmann/md-go-validator/pkg/output/output.go:53.21,54.25 1 2
github.com/larsartmann/md-go-validator/pkg/output/output.go:55.13,56.24 1 1
github.com/larsartmann/md-go-validator/pkg/output/output.go:57.20,58.26 1 2
github.com/larsartmann/md-go-validator/pkg/output/output.go:59.10,63.4 1 2
github.com/larsartmann/md-go-validator/pkg/output/output.go:68.50,70.16 2 5
github.com/larsartmann/md-go-validator/pkg/output/output.go:70.16,72.3 1 2
github.com/larsartmann/md-go-validator/pkg/output/output.go:73.2,73.16 1 3
github.com/larsartmann/md-go-validator/pkg/output/output.go:77.99,80.2 1 17
github.com/larsartmann/md-go-validator/pkg/output/output.go:89.9,90.16 1 17
github.com/larsartmann/md-go-validator/pkg/output/output.go:91.18,92.43 1 1
github.com/larsartmann/md-go-validator/pkg/output/output.go:93.22,94.47 1 3
github.com/larsartmann/md-go-validator/pkg/output/output.go:95.18,96.43 1 1
github.com/larsartmann/md-go-validator/pkg/output/output.go:97.17,98.42 1 3
github.com/larsartmann/md-go-validator/pkg/output/output.go:99.19,100.34 1 2
github.com/larsartmann/md-go-validator/pkg/output/output.go:101.10,102.55 1 7
github.com/larsartmann/md-go-validator/pkg/output/output.go:106.76,109.16 3 1
github.com/larsartmann/md-go-validator/pkg/output/output.go:109.16,111.3 1 0
github.com/larsartmann/md-go-validator/pkg/output/output.go:112.2,113.16 2 1
github.com/larsartmann/md-go-validator/pkg/output/output.go:113.16,120.3 1 0
github.com/larsartmann/md-go-validator/pkg/output/output.go:121.2,121.12 1 1
github.com/larsartmann/md-go-validator/pkg/output/output.go:124.80,137.28 11 3
github.com/larsartmann/md-go-validator/pkg/output/output.go:137.28,140.15 3 2
github.com/larsartmann/md-go-validator/pkg/output/output.go:140.15,143.36 3 1
github.com/larsartmann/md-go-validator/pkg/output/output.go:143.36,147.5 2 1
github.com/larsartmann/md-go-validator/pkg/output/output.go:148.9,151.36 3 1
github.com/larsartmann/md-go-validator/pkg/output/output.go:151.36,154.5 1 1
github.com/larsartmann/md-go-validator/pkg/output/output.go:157.2,157.12 1 3
github.com/larsartmann/md-go-validator/pkg/output/output.go:160.76,163.16 3 1
github.com/larsartmann/md-go-validator/pkg/output/output.go:163.16,165.3 1 0
github.com/larsartmann/md-go-validator/pkg/output/output.go:166.2,167.16 2 1
github.com/larsartmann/md-go-validator/pkg/output/output.go:167.16,174.3 1 0
github.com/larsartmann/md-go-validator/pkg/output/output.go:175.2,175.12 1 1
github.com/larsartmann/md-go-validator/pkg/output/output.go:178.75,182.16 2 3
github.com/larsartmann/md-go-validator/pkg/output/output.go:182.16,189.3 1 0
github.com/larsartmann/md-go-validator/pkg/output/output.go:191.2,191.28 1 3
github.com/larsartmann/md-go-validator/pkg/output/output.go:191.28,193.21 2 3
github.com/larsartmann/md-go-validator/pkg/output/output.go:193.21,195.4 1 1
github.com/larsartmann/md-go-validator/pkg/output/output.go:196.3,196.15 1 3
github.com/larsartmann/md-go-validator/pkg/output/output.go:196.15,198.4 1 2
github.com/larsartmann/md-go-validator/pkg/output/output.go:199.3,206.18 1 3
github.com/larsartmann/md-go-validator/pkg/output/output.go:206.18,209.4 1 0
github.com/larsartmann/md-go-validator/pkg/output/output.go:211.2,212.42 2 3
github.com/larsartmann/md-go-validator/pkg/output/output.go:212.42,214.3 1 0
github.com/larsartmann/md-go-validator/pkg/output/output.go:215.2,215.12 1 3
github.com/larsartmann/md-go-validator/pkg/output/output.go:218.62,220.31 2 2
github.com/larsartmann/md-go-validator/pkg/output/output.go:220.31,222.17 2 1
github.com/larsartmann/md-go-validator/pkg/output/output.go:222.17,225.4 1 0
github.com/larsartmann/md-go-validator/pkg/output/output.go:226.3,226.13 1 1
github.com/larsartmann/md-go-validator/pkg/output/output.go:228.2,229.16 2 1
github.com/larsartmann/md-go-validator/pkg/output/output.go:229.16,232.3 1 0
github.com/larsartmann/md-go-validator/pkg/output/output.go:233.2,233.12 1 1
github.com/larsartmann/md-go-validator/pkg/output/output.go:236.98,243.2 5 7
github.com/larsartmann/md-go-validator/pkg/output/output.go:245.85,246.17 1 7
github.com/larsartmann/md-go-validator/pkg/output/output.go:246.17,259.3 6 1
github.com/larsartmann/md-go-validator/pkg/output/output.go:259.8,266.3 6 6
github.com/larsartmann/md-go-validator/pkg/output/output.go:267.2,267.88 1 7
github.com/larsartmann/md-go-validator/pkg/output/output.go:270.93,271.22 1 7
github.com/larsartmann/md-go-validator/pkg/output/output.go:271.22,273.3 1 5
github.com/larsartmann/md-go-validator/pkg/output/output.go:275.2,276.17 2 2
github.com/larsartmann/md-go-validator/pkg/output/output.go:276.17,278.3 1 0
github.com/larsartmann/md-go-validator/pkg/output/output.go:278.8,280.3 1 2
github.com/larsartmann/md-go-validator/pkg/output/output.go:281.2,283.27 2 2
github.com/larsartmann/md-go-validator/pkg/output/output.go:283.27,285.18 2 2
github.com/larsartmann/md-go-validator/pkg/output/output.go:285.18,288.4 2 0
github.com/larsartmann/md-go-validator/pkg/output/output.go:288.9,291.4 2 2
github.com/larsartmann/md-go-validator/pkg/output/output.go:293.3,293.31 1 2
github.com/larsartmann/md-go-validator/pkg/output/output.go:293.31,296.53 3 1
github.com/larsartmann/md-go-validator/pkg/output/output.go:296.53,298.5 1 2
github.com/larsartmann/md-go-validator/pkg/output/output.go:299.4,299.84 1 1
github.com/larsartmann/md-go-validator/pkg/output/output.go:302.2,302.24 1 2
github.com/larsartmann/md-go-validator/pkg/output/output.go:305.52,306.16 1 6
github.com/larsartmann/md-go-validator/pkg/output/output.go:306.16,308.3 1 1
github.com/larsartmann/md-go-validator/pkg/output/output.go:309.2,309.31 1 5
github.com/larsartmann/md-go-validator/pkg/output/output.go:309.31,311.3 1 3
github.com/larsartmann/md-go-validator/pkg/output/output.go:312.2,312.17 1 2
github.com/larsartmann/md-go-validator/pkg/output/output.go:312.17,314.3 1 1
github.com/larsartmann/md-go-validator/pkg/output/output.go:316.2,316.32 1 1
github.com/larsartmann/md-go-validator/pkg/context.go:34.43,42.2 1 13
github.com/larsartmann/md-go-validator/pkg/context.go:45.73,48.2 2 4
github.com/larsartmann/md-go-validator/pkg/context.go:51.71,54.2 2 2
github.com/larsartmann/md-go-validator/pkg/context.go:57.65,60.2 2 1
github.com/larsartmann/md-go-validator/pkg/context.go:63.74,66.2 2 1
github.com/larsartmann/md-go-validator/pkg/context.go:69.73,72.2 2 2
github.com/larsartmann/md-go-validator/pkg/context.go:77.70,79.19 2 4
github.com/larsartmann/md-go-validator/pkg/context.go:79.19,81.3 1 3
github.com/larsartmann/md-go-validator/pkg/context.go:84.2,87.19 2 4
github.com/larsartmann/md-go-validator/pkg/context.go:87.19,92.19 4 3
github.com/larsartmann/md-go-validator/pkg/context.go:92.19,95.4 2 3
github.com/larsartmann/md-go-validator/pkg/context.go:99.2,99.26 1 4
github.com/larsartmann/md-go-validator/pkg/context.go:99.26,104.19 4 1
github.com/larsartmann/md-go-validator/pkg/context.go:104.19,107.4 2 1
github.com/larsartmann/md-go-validator/pkg/context.go:110.2,110.20 1 4
github.com/larsartmann/md-go-validator/pkg/context.go:116.71,118.19 2 1
github.com/larsartmann/md-go-validator/pkg/context.go:118.19,120.3 1 1
github.com/larsartmann/md-go-validator/pkg/context.go:123.2,123.35 1 1
github.com/larsartmann/md-go-validator/pkg/context.go:129.41,131.19 2 1
github.com/larsartmann/md-go-validator/pkg/context.go:131.19,133.3 1 1
github.com/larsartmann/md-go-validator/pkg/context.go:135.2,135.17 1 1
github.com/larsartmann/md-go-validator/pkg/context.go:135.17,137.3 1 1
github.com/larsartmann/md-go-validator/pkg/context.go:139.2,139.35 1 0
github.com/larsartmann/md-go-validator/pkg/context.go:145.41,147.19 2 1
github.com/larsartmann/md-go-validator/pkg/context.go:147.19,149.3 1 1
github.com/larsartmann/md-go-validator/pkg/context.go:151.2,151.24 1 1
github.com/larsartmann/md-go-validator/pkg/context.go:151.24,153.3 1 1
github.com/larsartmann/md-go-validator/pkg/context.go:155.2,155.35 1 0
github.com/larsartmann/md-go-validator/pkg/extractor.go:15.51,24.2 1 12
github.com/larsartmann/md-go-validator/pkg/extractor.go:27.60,32.29 4 12
github.com/larsartmann/md-go-validator/pkg/extractor.go:32.29,34.3 1 52
github.com/larsartmann/md-go-validator/pkg/extractor.go:36.2,36.15 1 12
github.com/larsartmann/md-go-validator/pkg/extractor.go:40.99,45.29 4 0
github.com/larsartmann/md-go-validator/pkg/extractor.go:45.29,47.3 1 0
github.com/larsartmann/md-go-validator/pkg/extractor.go:49.2,49.15 1 0
github.com/larsartmann/md-go-validator/pkg/extractor.go:60.42,68.2 1 12
github.com/larsartmann/md-go-validator/pkg/extractor.go:70.79,78.2 1 0
github.com/larsartmann/md-go-validator/pkg/extractor.go:80.91,83.30 2 52
github.com/larsartmann/md-go-validator/pkg/extractor.go:83.30,85.3 1 3
github.com/larsartmann/md-go-validator/pkg/extractor.go:87.2,87.40 1 52
github.com/larsartmann/md-go-validator/pkg/extractor.go:87.40,90.3 2 30
github.com/larsartmann/md-go-validator/pkg/extractor.go:92.2,92.19 1 22
github.com/larsartmann/md-go-validator/pkg/extractor.go:92.19,94.3 1 10
github.com/larsartmann/md-go-validator/pkg/extractor.go:94.8,96.3 1 12
github.com/larsartmann/md-go-validator/pkg/extractor.go:99.61,100.45 1 58
github.com/larsartmann/md-go-validator/pkg/extractor.go:100.45,101.40 1 338
github.com/larsartmann/md-go-validator/pkg/extractor.go:101.40,103.4 1 3
github.com/larsartmann/md-go-validator/pkg/extractor.go:105.2,105.14 1 55
github.com/larsartmann/md-go-validator/pkg/extractor.go:108.57,109.19 1 30
github.com/larsartmann/md-go-validator/pkg/extractor.go:109.19,112.3 2 17
github.com/larsartmann/md-go-validator/pkg/extractor.go:115.70,117.24 2 12
github.com/larsartmann/md-go-validator/pkg/extractor.go:117.24,121.3 3 10
github.com/larsartmann/md-go-validator/pkg/extractor.go:124.37,126.2 1 12
github.com/larsartmann/md-go-validator/pkg/extractor.go:128.66,132.35 3 10
github.com/larsartmann/md-go-validator/pkg/extractor.go:132.35,135.3 2 1
github.com/larsartmann/md-go-validator/pkg/extractor.go:137.2,139.13 3 9
github.com/larsartmann/md-go-validator/pkg/extractor.go:139.13,141.3 1 3
github.com/larsartmann/md-go-validator/pkg/extractor.go:141.8,143.3 1 6
github.com/larsartmann/md-go-validator/pkg/extractor.go:144.2,144.19 1 9
github.com/larsartmann/md-go-validator/pkg/extractor.go:144.19,146.3 1 9
github.com/larsartmann/md-go-validator/pkg/extractor.go:147.2,147.20 1 9
github.com/larsartmann/md-go-validator/pkg/parser.go:13.40,16.16 2 11
github.com/larsartmann/md-go-validator/pkg/parser.go:16.16,18.3 1 4
github.com/larsartmann/md-go-validator/pkg/parser.go:21.2,23.16 3 7
github.com/larsartmann/md-go-validator/pkg/parser.go:23.16,25.3 1 4
github.com/larsartmann/md-go-validator/pkg/parser.go:29.2,32.16 4 3
github.com/larsartmann/md-go-validator/pkg/parser.go:32.16,34.3 1 1
github.com/larsartmann/md-go-validator/pkg/parser.go:37.2,39.16 3 2
github.com/larsartmann/md-go-validator/pkg/parser.go:39.16,41.3 1 0
github.com/larsartmann/md-go-validator/pkg/parser.go:44.2,46.16 3 2
github.com/larsartmann/md-go-validator/pkg/parser.go:46.16,48.3 1 0
github.com/larsartmann/md-go-validator/pkg/parser.go:51.2,52.24 2 2
github.com/larsartmann/md-go-validator/pkg/parser.go:52.24,54.3 1 2
github.com/larsartmann/md-go-validator/pkg/parser.go:55.2,55.12 1 0
github.com/larsartmann/md-go-validator/pkg/parser.go:59.37,62.29 3 4
github.com/larsartmann/md-go-validator/pkg/parser.go:62.29,63.36 1 9
github.com/larsartmann/md-go-validator/pkg/parser.go:63.36,65.4 1 8
github.com/larsartmann/md-go-validator/pkg/parser.go:66.3,67.27 2 9
github.com/larsartmann/md-go-validator/pkg/parser.go:69.2,69.24 1 4
github.com/larsartmann/md-go-validator/pkg/validator.go:22.39,27.2 1 6
github.com/larsartmann/md-go-validator/pkg/validator.go:30.100,31.42 1 6
github.com/larsartmann/md-go-validator/pkg/validator.go:31.42,33.3 1 1
github.com/larsartmann/md-go-validator/pkg/validator.go:35.2,36.16 2 5
github.com/larsartmann/md-go-validator/pkg/validator.go:36.16,38.3 1 0
github.com/larsartmann/md-go-validator/pkg/validator.go:40.2,41.16 2 5
github.com/larsartmann/md-go-validator/pkg/validator.go:41.16,43.3 1 1
github.com/larsartmann/md-go-validator/pkg/validator.go:45.2,46.22 2 4
github.com/larsartmann/md-go-validator/pkg/validator.go:46.22,48.3 1 1
github.com/larsartmann/md-go-validator/pkg/validator.go:50.2,50.49 1 3
github.com/larsartmann/md-go-validator/pkg/validator.go:57.27,58.42 1 3
github.com/larsartmann/md-go-validator/pkg/validator.go:58.42,65.3 1 0
github.com/larsartmann/md-go-validator/pkg/validator.go:67.2,68.31 2 3
github.com/larsartmann/md-go-validator/pkg/validator.go:68.31,69.43 1 3
github.com/larsartmann/md-go-validator/pkg/validator.go:69.43,77.4 1 0
github.com/larsartmann/md-go-validator/pkg/validator.go:79.3,81.34 3 3
github.com/larsartmann/md-go-validator/pkg/validator.go:84.2,84.21 1 3
github.com/larsartmann/md-go-validator/pkg/validator.go:87.46,88.9 1 12
github.com/larsartmann/md-go-validator/pkg/validator.go:89.20,90.59 1 1
github.com/larsartmann/md-go-validator/pkg/validator.go:91.10,92.13 1 11
github.com/larsartmann/md-go-validator/pkg/validator.go:100.16,103.23 2 3
github.com/larsartmann/md-go-validator/pkg/validator.go:103.23,110.3 1 0
github.com/larsartmann/md-go-validator/pkg/validator.go:112.2,112.51 1 3
github.com/larsartmann/md-go-validator/pkg/validator.go:112.51,114.28 2 0
github.com/larsartmann/md-go-validator/pkg/validator.go:114.28,116.4 1 0
github.com/larsartmann/md-go-validator/pkg/validator.go:117.3,124.4 1 0
github.com/larsartmann/md-go-validator/pkg/validator.go:127.2,132.3 1 3
github.com/larsartmann/md-go-validator/pkg/validator.go:135.88,136.16 1 3
github.com/larsartmann/md-go-validator/pkg/validator.go:136.16,138.3 1 3
github.com/larsartmann/md-go-validator/pkg/validator.go:139.2,139.23 1 0
github.com/larsartmann/md-go-validator/pkg/validator.go:140.27,141.75 1 0
github.com/larsartmann/md-go-validator/pkg/validator.go:142.25,143.70 1 0
github.com/larsartmann/md-go-validator/pkg/validator.go:144.27,145.79 1 0
github.com/larsartmann/md-go-validator/pkg/validator.go:146.25,147.84 1 0
github.com/larsartmann/md-go-validator/pkg/validator.go:155.27,159.16 3 3
github.com/larsartmann/md-go-validator/pkg/validator.go:159.16,166.3 1 0
github.com/larsartmann/md-go-validator/pkg/validator.go:168.2,168.24 1 3
github.com/larsartmann/md-go-validator/pkg/validator.go:171.98,172.62 1 3
github.com/larsartmann/md-go-validator/pkg/validator.go:172.62,173.17 1 13
github.com/larsartmann/md-go-validator/pkg/validator.go:173.17,175.4 1 0
github.com/larsartmann/md-go-validator/pkg/validator.go:177.3,177.19 1 13
github.com/larsartmann/md-go-validator/pkg/validator.go:177.19,179.4 1 9
github.com/larsartmann/md-go-validator/pkg/validator.go:181.3,181.28 1 4
github.com/larsartmann/md-go-validator/pkg/validator.go:181.28,183.4 1 1
github.com/larsartmann/md-go-validator/pkg/validator.go:185.3,185.16 1 3
github.com/larsartmann/md-go-validator/pkg/validator.go:185.16,187.4 1 0
github.com/larsartmann/md-go-validator/pkg/validator.go:189.3,190.17 2 3
github.com/larsartmann/md-go-validator/pkg/validator.go:190.17,193.4 2 1
github.com/larsartmann/md-go-validator/pkg/validator.go:195.3,196.13 2 2
github.com/larsartmann/md-go-validator/pkg/validator.go:203.27,209.2 3 3
github.com/larsartmann/md-go-validator/pkg/validator.go:211.65,213.25 2 9
github.com/larsartmann/md-go-validator/pkg/validator.go:213.25,215.3 1 5
github.com/larsartmann/md-go-validator/pkg/validator.go:216.2,216.12 1 4
github.com/larsartmann/md-go-validator/pkg/validator.go:219.38,221.32 2 9
github.com/larsartmann/md-go-validator/pkg/validator.go:221.32,222.51 1 35
github.com/larsartmann/md-go-validator/pkg/validator.go:222.51,224.4 1 5
github.com/larsartmann/md-go-validator/pkg/validator.go:226.2,226.14 1 4
github.com/larsartmann/md-go-validator/pkg/validator.go:229.39,232.2 2 4
github.com/larsartmann/md-go-validator/pkg/validator.go:235.56,236.16 1 5
github.com/larsartmann/md-go-validator/pkg/validator.go:236.16,238.3 1 0
github.com/larsartmann/md-go-validator/pkg/validator.go:241.2,241.36 1 5
github.com/larsartmann/md-go-validator/pkg/validator.go:241.36,243.3 1 0
github.com/larsartmann/md-go-validator/pkg/validator.go:246.2,250.71 2 5
github.com/larsartmann/md-go-validator/pkg/validator.go:250.71,252.3 1 0
github.com/larsartmann/md-go-validator/pkg/validator.go:254.2,254.23 1 5
github.com/larsartmann/md-go-validator/pkg/validator.go:258.45,259.28 1 4
github.com/larsartmann/md-go-validator/pkg/validator.go:259.28,260.36 1 4
github.com/larsartmann/md-go-validator/pkg/validator.go:260.36,262.4 1 1
github.com/larsartmann/md-go-validator/pkg/validator.go:264.2,264.14 1 3
github.com/larsartmann/md-go-validator/pkg/types/code_block.go:18.59,24.2 1 1
github.com/larsartmann/md-go-validator/pkg/types/code_block.go:27.35,29.2 1 1
github.com/larsartmann/md-go-validator/pkg/types/code_block.go:32.33,34.2 1 1
github.com/larsartmann/md-go-validator/pkg/types/code_block.go:37.33,39.2 1 1
github.com/larsartmann/md-go-validator/pkg/types/code_block.go:42.38,44.2 1 1
github.com/larsartmann/md-go-validator/pkg/types/code_block.go:47.36,49.2 1 1
github.com/larsartmann/md-go-validator/pkg/types/code_block.go:52.37,54.2 1 1
github.com/larsartmann/md-go-validator/pkg/types/identifiers.go:13.36,15.2 1 12
github.com/larsartmann/md-go-validator/pkg/types/identifiers.go:18.33,20.2 1 3
github.com/larsartmann/md-go-validator/pkg/types/identifiers.go:23.34,24.13 1 2
github.com/larsartmann/md-go-validator/pkg/types/identifiers.go:24.13,26.3 1 1
github.com/larsartmann/md-go-validator/pkg/types/identifiers.go:27.2,27.12 1 1
github.com/larsartmann/md-go-validator/pkg/types/identifiers.go:36.38,37.11 1 14
github.com/larsartmann/md-go-validator/pkg/types/identifiers.go:37.11,39.3 1 0
github.com/larsartmann/md-go-validator/pkg/types/identifiers.go:40.2,40.22 1 14
github.com/larsartmann/md-go-validator/pkg/types/identifiers.go:44.47,46.2 1 0
github.com/larsartmann/md-go-validator/pkg/types/identifiers.go:51.31,53.2 1 2
github.com/larsartmann/md-go-validator/pkg/types/identifiers.go:56.37,58.2 1 3
github.com/larsartmann/md-go-validator/pkg/types/identifiers.go:61.38,62.12 1 3
github.com/larsartmann/md-go-validator/pkg/types/identifiers.go:62.12,64.3 1 1
github.com/larsartmann/md-go-validator/pkg/types/identifiers.go:65.2,65.12 1 2
github.com/larsartmann/md-go-validator/pkg/types/identifiers.go:74.38,75.11 1 13
github.com/larsartmann/md-go-validator/pkg/types/identifiers.go:75.11,77.3 1 0
github.com/larsartmann/md-go-validator/pkg/types/identifiers.go:78.2,78.22 1 13
github.com/larsartmann/md-go-validator/pkg/types/identifiers.go:82.47,84.2 1 0
github.com/larsartmann/md-go-validator/pkg/types/identifiers.go:89.31,91.2 1 1
github.com/larsartmann/md-go-validator/pkg/types/identifiers.go:94.37,96.2 1 3
github.com/larsartmann/md-go-validator/pkg/types/identifiers.go:99.38,100.12 1 3
github.com/larsartmann/md-go-validator/pkg/types/identifiers.go:100.12,102.3 1 1
github.com/larsartmann/md-go-validator/pkg/types/identifiers.go:103.2,103.12 1 2
github.com/larsartmann/md-go-validator/pkg/types/report.go:47.66,51.28 3 4
github.com/larsartmann/md-go-validator/pkg/types/report.go:51.28,52.19 1 4
github.com/larsartmann/md-go-validator/pkg/types/report.go:53.22,53.22 0 0
github.com/larsartmann/md-go-validator/pkg/types/report.go:55.20,56.11 1 2
github.com/larsartmann/md-go-validator/pkg/types/report.go:57.22,58.13 1 0
github.com/larsartmann/md-go-validator/pkg/types/report.go:59.20,68.16 3 2
github.com/larsartmann/md-go-validator/pkg/types/report.go:68.16,70.5 1 1
github.com/larsartmann/md-go-validator/pkg/types/report.go:71.4,71.46 1 2
github.com/larsartmann/md-go-validator/pkg/types/report.go:75.2,83.3 1 4
github.com/larsartmann/md-go-validator/pkg/types/report.go:87.38,89.2 1 2
github.com/larsartmann/md-go-validator/pkg/types/report.go:92.36,94.2 1 2
github.com/larsartmann/md-go-validator/pkg/types/result.go:32.89,41.2 1 5
github.com/larsartmann/md-go-validator/pkg/types/result.go:44.91,53.2 1 1
github.com/larsartmann/md-go-validator/pkg/types/result.go:56.100,65.2 1 3
github.com/larsartmann/md-go-validator/pkg/types/result.go:68.33,69.20 1 1
github.com/larsartmann/md-go-validator/pkg/types/result.go:69.20,71.3 1 0
github.com/larsartmann/md-go-validator/pkg/types/result.go:72.2,72.86 1 1
github.com/larsartmann/md-go-validator/pkg/types/result.go:76.33,78.2 1 1
github.com/larsartmann/md-go-validator/pkg/types/result.go:81.34,87.20 6 1
github.com/larsartmann/md-go-validator/pkg/types/result.go:87.20,89.3 1 0
github.com/larsartmann/md-go-validator/pkg/types/result.go:90.2,90.33 1 1
github.com/larsartmann/md-go-validator/pkg/types/status.go:16.43,17.11 1 7
github.com/larsartmann/md-go-validator/pkg/types/status.go:18.21,19.19 1 1
github.com/larsartmann/md-go-validator/pkg/types/status.go:20.19,21.17 1 3
github.com/larsartmann/md-go-validator/pkg/types/status.go:22.21,23.19 1 1
github.com/larsartmann/md-go-validator/pkg/types/status.go:24.19,25.17 1 1
github.com/larsartmann/md-go-validator/pkg/types/status.go:26.10,27.19 1 1
github.com/larsartmann/md-go-validator/pkg/types/status.go:32.45,34.2 1 4
github.com/larsartmann/md-go-validator/pkg/types/status.go:37.57,39.2 1 0
github.com/larsartmann/md-go-validator/pkg/types/status.go:42.63,43.11 1 5
github.com/larsartmann/md-go-validator/pkg/types/status.go:44.15,45.27 1 1
github.com/larsartmann/md-go-validator/pkg/types/status.go:46.17,47.29 1 1
github.com/larsartmann/md-go-validator/pkg/types/status.go:48.15,49.27 1 1
github.com/larsartmann/md-go-validator/pkg/types/status.go:50.10,51.30 1 2
